2019-04-12 09:54:38,826 - INFO - --------updateUserPrivacy修改用户隐私信息CASE 1 start--------
2019-04-12 09:54:39,278 - INFO - updateUserPrivacy>>>>token=====/user/updateUserPrivacy?no_check=1&&token=d849a892-f071-4838-b948-7ca05b716ae6
2019-04-12 09:54:39,324 - INFO - 是否修改用户隐私信息
2019-04-12 09:54:39,607 - INFO - 测试通过
2019-04-12 09:54:39,607 - INFO - 成功
2019-04-12 09:54:40,875 - INFO - 请求报文:{'uid': '516623', 'privacy_type': '2', 'privacy_value': '3', 'v': '3.11.2', 'system': '5', 'device_model': 'HUAWEI P10', 'system_version': 'V1.0.0', 'channel': '5'}
2019-04-12 09:54:40,875 - INFO - 返回报文:{'code': 0, 'msg': '成功', 'data': {'is_success': 1}}
2019-04-12 09:54:40,875 - INFO - 预期结果:成功
2019-04-12 09:54:40,882 - INFO - --------updateUserPrivacy--CASE1 end--------


2019-04-12 09:54:40,883 - INFO - --------updateUserPrivacy修改用户隐私信息CASE 2 start--------
2019-04-12 09:54:41,446 - INFO - updateUserPrivacy>>>>token=====/user/updateUserPrivacy?no_check=1&&token=f684035a-1b28-44e7-a7c3-7c5636911b7d
2019-04-12 09:54:41,476 - INFO - 是否修改用户隐私信息
2019-04-12 09:54:41,787 - INFO - 测试通过
2019-04-12 09:54:41,787 - INFO - 成功
2019-04-12 09:54:42,672 - INFO - 请求报文:{'uid': '516684', 'privacy_type': '2', 'privacy_value': '3', 'v': '3.11.2', 'system': '5', 'device_model': 'HUAWEI P10', 'system_version': 'V1.0.0', 'channel': '5'}
2019-04-12 09:54:42,672 - INFO - 返回报文:{'code': 0, 'msg': '成功', 'data': {'is_success': 1}}
2019-04-12 09:54:42,672 - INFO - 预期结果:成功
2019-04-12 09:54:42,672 - INFO - --------updateUserPrivacy--CASE2 end--------


2019-04-12 09:54:42,673 - INFO - --------updateUserPrivacy修改用户隐私信息CASE 3 start--------
2019-04-12 09:54:43,133 - INFO - updateUserPrivacy>>>>token为空=====/user/updateUserPrivacy?no_check=1
2019-04-12 09:54:43,156 - INFO - 是否修改用户隐私信息
2019-04-12 09:54:43,522 - ERROR - 测试失败
2019-04-12 09:54:43,522 - INFO - wrong:token 不存在;line:93
2019-04-12 09:54:44,525 - INFO - 请求报文:{'uid': '', 'privacy_type': '', 'privacy_value': '', 'v': '3.11.2', 'system': '5', 'device_model': 'HUAWEI P10', 'system_version': 'V1.0.0', 'channel': '5'}
2019-04-12 09:54:44,525 - INFO - 返回报文:{'code': 100000003, 'msg': 'wrong:token 不存在;line:93'}
2019-04-12 09:54:44,525 - INFO - 预期结果:wrong:token 不存在;line:93
2019-04-12 09:54:44,525 - INFO - --------updateUserPrivacy--CASE3 end--------


